ASxxxx Assembler V01.75 + SDCC mods  (Zilog Z80 / Hitachi HD64180), page 1.



                              1         ;--- crt0.s for MSX-DOS - by Konami Man & Avelino, 11/2004
                              2         ;    Simple version: allows "void main()" only.
                              3         ;    Overhead: 6 bytes.
                              4         ;
                              5         ;    Compile programs with --code-loc 0x106 --data-loc X
                              6         ;    X=0  -> global vars will be placed immediately after code
                              7         ;    X!=0 -> global vars will be placed at address X
                              8         ;            (make sure that X>0x100+code size)
                              9 
                             10         .globl  _main
                             11 
                             12         .area _HEADER (ABS)
                             13 
   0100                      14         .org    0x0100  ;MSX-DOS .COM programs start address
                             15 
                             16         ;--- Initialize globals and jump to "main"
                             17 
   0100 C3 88 0C             18         jp init
                             19 
ASxxxx Assembler V01.75 + SDCC mods  (Zilog Z80 / Hitachi HD64180), page 2.



                             20 .include "biisi_0103.inc"
   0103 41 54 31 30 01 58     1  .db 65, 84, 49, 48, 1, 88, 15, 27, 2, 6, 124, 1, 39, 1, 48, 1, 69, 1, 98, 1, 145, 1, 188, 1, 213, 1, 234, 1, 23, 2, 48, 2
        0F 1B 02 06 7C 01
        27 01 30 01 45 01
        62 01 91 01 BC 01
        D5 01 EA 01 17 02
        30 02
   0123 4C 02 6B 02 00 00     2  .db 76, 2, 107, 2, 0, 0, 0, 0, 0, 0, 13, 41, 1, 1, 0, 42, 37, 44, 48, 52, 56, 60, 60, 56, 52, 24, 20, 16, 12, 8, 4, 13
        00 00 00 00 0D 29
        01 01 00 2A 25 2C
        30 34 38 3C 3C 38
        34 18 14 10 0C 08
        04 0D
   0143 29 01 01 00 7C 0C     3  .db 41, 1, 1, 0, 124, 12, 54, 36, 133, 56, 253, 255, 133, 56, 255, 255, 5, 56, 133, 56, 3, 0, 5, 56, 5, 56, 2, 32, 13, 75, 1, 1
        36 24 85 38 FD FF
        85 38 FF FF 05 38
        85 38 03 00 05 38
        05 38 02 20 0D 4B
        01 01
   0163 00 3E 6A 28 02 26     4  .db 0, 62, 106, 40, 2, 38, 100, 41, 2, 46, 99, 50, 2, 58, 98, 48, 2, 62, 98, 48, 2, 133, 184, 255, 255, 1, 133, 184, 255, 255, 1, 5
        64 29 02 2E 63 32
        02 3A 62 30 02 3E
        62 30 02 85 B8 FF
        FF 01 85 B8 FF FF
        01 05
   0183 38 85 38 01 00 85     5  .db 56, 133, 56, 1, 0, 133, 56, 1, 0, 5, 56, 13, 120, 1, 1, 0, 62, 106, 40, 2, 38, 100, 41, 2, 46, 99, 50, 2, 58, 98, 48, 2
        38 01 00 05 38 0D
        78 01 01 00 3E 6A
        28 02 26 64 29 02
        2E 63 32 02 3A 62
        30 02
   01A3 3E 62 30 02 85 B8     6  .db 62, 98, 48, 2, 133, 184, 255, 255, 1, 5, 184, 1, 5, 56, 133, 56, 1, 0, 5, 56, 5, 56, 13, 167, 1, 1, 0, 62, 106, 40, 2, 38
        FF FF 01 05 B8 01
        05 38 85 38 01 00
        05 38 05 38 0D A7
        01 01 00 3E 6A 28
        02 26
   01C3 64 29 02 2E 63 32     7  .db 100, 41, 2, 46, 99, 50, 2, 58, 98, 48, 2, 62, 98, 48, 2, 13, 41, 1, 1, 0, 4, 16, 20, 24, 32, 36, 40, 44, 172, 1, 0, 48
        02 3A 62 30 02 3E
        62 30 02 0D 29 01
        01 00 04 10 14 18
        20 24 28 2C AC 01
        00 30
   01E3 AC FE FF 28 0D DD     8  .db 172, 254, 255, 40, 13, 221, 1, 1, 0, 62, 114, 128, 7, 62, 96, 130, 7, 62, 96, 133, 7, 62, 96, 132, 7, 62, 96, 135, 7, 133, 184, 253
        01 01 00 3E 72 80
        07 3E 60 82 07 3E
        60 85 07 3E 60 84
        07 3E 60 87 07 85
        B8 FD
   0203 FF 01 85 B8 FF FF     9  .db 255, 1, 133, 184, 255, 255, 1, 5, 56, 133, 56, 3, 0, 5, 56, 5, 56, 13, 0, 2, 1, 0, 62, 114, 128, 7, 62, 96, 130, 7, 62, 96
        01 05 38 85 38 03
        00 05 38 05 38 0D
        00 02 01 00 3E 72
        80 07 3E 60 82 07
        3E 60
   0223 85 07 3E 60 84 07    10  .db 133, 7, 62, 96, 132, 7, 62, 96, 135, 7, 13, 41, 1, 1, 0, 124, 12, 52, 116, 12, 52, 244, 252, 255, 12, 244, 253, 255, 12, 180, 4, 0
        3E 60 87 07 0D 29
        01 01 00 7C 0C 34
        74 0C 34 F4 FC FF
        0C F4 FD FF 0C B4
        04 00
ASxxxx Assembler V01.75 + SDCC mods  (Zilog Z80 / Hitachi HD64180), page 3.



   0243 F4 04 00 0C 34 34    11  .db 244, 4, 0, 12, 52, 52, 13, 56, 2, 1, 0, 4, 8, 12, 16, 20, 24, 28, 32, 36, 40, 44, 48, 52, 56, 60, 60, 188, 255, 255, 188, 255
        0D 38 02 01 00 04
        08 0C 10 14 18 1C
        20 24 28 2C 30 34
        38 3C 3C BC FF FF
        BC FF
   0263 FF 3C BC 02 00 0D    12  .db 255, 60, 188, 2, 0, 13, 80, 2, 1, 0, 182, 35, 248, 255, 176, 252, 255, 176, 254, 255, 48, 44, 40, 40, 40, 176, 244, 255, 48, 44, 40, 32
        50 02 01 00 B6 23
        F8 FF B0 FC FF B0
        FE FF 30 2C 28 28
        28 B0 F4 FF 30 2C
        28 20
   0283 20 1C 18 14 10 0D    13  .db 32, 28, 24, 20, 16, 13, 41, 1, 96, 0, 0, 0, 189, 3, 0, 3, 8, 99, 7, 195, 8, 48, 193, 3, 36, 4, 116, 4, 64, 93, 3, 0
        29 01 60 00 00 00
        BD 03 00 03 08 63
        07 C3 08 30 C1 03
        24 04 74 04 40 5D
        03 00
   02A3 79 04 DC 04 47 05    14  .db 121, 4, 220, 4, 71, 5, 0, 87, 5, 193, 5, 189, 6, 0, 245, 6, 193, 5, 189, 6, 0, 87, 5, 193, 5, 189, 6, 0, 245, 6, 193, 5
        00 57 05 C1 05 BD
        06 00 F5 06 C1 05
        BD 06 00 57 05 C1
        05 BD 06 00 F5 06
        C1 05
   02C3 BD 06 00 57 05 C1    15  .db 189, 6, 0, 87, 5, 193, 5, 55, 6, 0, 245, 6, 193, 5, 55, 6, 0, 87, 5, 193, 5, 55, 6, 0, 87, 5, 193, 5, 189, 6, 16, 87
        05 37 06 00 F5 06
        C1 05 37 06 00 57
        05 C1 05 37 06 00
        57 05 C1 05 BD 06
        10 57
   02E3 05 4F 09 37 06 60    16  .db 5, 79, 9, 55, 6, 96, 16, 9, 10, 147, 9, 43, 10, 64, 0, 9, 10, 147, 9, 43, 10, 0, 9, 10, 147, 9, 75, 10, 0, 87, 5, 193
        10 09 0A 93 09 2B
        0A 40 00 09 0A 93
        09 2B 0A 00 09 0A
        93 09 4B 0A 00 57
        05 C1
   0303 05 4B 0A 00 F5 06    17  .db 5, 75, 10, 0, 245, 6, 193, 5, 75, 10, 0, 87, 5, 193, 5, 189, 6, 0, 245, 6, 193, 5, 189, 6, 0, 245, 6, 184, 10, 47, 11, 0
        C1 05 4B 0A 00 57
        05 C1 05 BD 06 00
        F5 06 C1 05 BD 06
        00 F5 06 B8 0A 2F
        0B 00
   0323 F5 06 B8 0A 2F 0B    18  .db 245, 6, 184, 10, 47, 11, 0, 193, 5, 184, 10, 47, 11, 0, 193, 5, 184, 10, 47, 11, 0, 193, 5, 8, 12, 47, 11, 0, 193, 5, 8, 12
        00 C1 05 B8 0A 2F
        0B 00 C1 05 B8 0A
        2F 0B 00 C1 05 08
        0C 2F 0B 00 C1 05
        08 0C
   0343 2F 0B 00 C1 05 88    19  .db 47, 11, 0, 193, 5, 136, 11, 47, 11, 0, 193, 5, 136, 11, 47, 11, 0, 139, 10, 154, 10, 169, 10, 1, 169, 2, 17, 17, 13, 13, 17, 17
        0B 2F 0B 00 C1 05
        88 0B 2F 0B 00 8B
        0A 9A 0A A9 0A 01
        A9 02 11 11 0D 0D
        11 11
   0363 0D 0D 11 11 0D 0D    20  .db 13, 13, 17, 17, 13, 13, 17, 17, 13, 13, 17, 17, 13, 13, 17, 17, 13, 13, 17, 17, 13, 13, 17, 17, 13, 13, 17, 17, 13, 13, 17, 17
        11 11 0D 0D 11 11
        0D 0D 11 11 0D 0D
        11 11 0D 0D 11 11
        0D 0D 11 11 0D 0D
        11 11
ASxxxx Assembler V01.75 + SDCC mods  (Zilog Z80 / Hitachi HD64180), page 4.



   0383 0D 0D 11 11 0D 0D    21  .db 13, 13, 17, 17, 13, 13, 17, 17, 13, 13, 17, 17, 13, 13, 17, 17, 13, 13, 17, 17, 13, 13, 17, 17, 13, 13, 33, 33, 33, 33, 33, 33
        11 11 0D 0D 11 11
        0D 0D 11 11 0D 0D
        11 11 0D 0D 11 11
        0D 0D 21 21 21 21
        21 21
   03A3 21 21 21 21 21 21    22  .db 33, 33, 33, 33, 33, 33, 33, 33, 33, 33, 33, 33, 33, 33, 33, 33, 33, 33, 33, 33, 33, 33, 33, 33, 33, 33, 25, 62, 49, 0, 114, 239
        21 21 21 21 21 21
        21 21 21 21 21 21
        21 21 21 21 21 21
        21 21 19 3E 31 00
        72 EF
   03C3 00 00 01 02 8A 4B    23  .db 0, 0, 1, 2, 138, 75, 2, 162, 71, 2, 120, 69, 2, 144, 79, 2, 168, 75, 2, 124, 71, 2, 148, 69, 2, 148, 79, 2, 116, 75, 2, 140
        02 A2 47 02 78 45
        02 90 4F 02 A8 4B
        02 7C 47 02 94 45
        02 94 4F 02 74 4B
        02 8C
   03E3 47 02 A4 45 02 8C    24  .db 71, 2, 164, 69, 2, 140, 65, 2, 116, 69, 2, 164, 71, 2, 140, 75, 2, 114, 79, 2, 138, 75, 2, 162, 71, 2, 120, 69, 2, 144, 79, 2
        41 02 74 45 02 A4
        47 02 8C 4B 02 72
        4F 02 8A 4B 02 A2
        47 02 78 45 02 90
        4F 02
   0403 A8 4B 02 7C 47 02    25  .db 168, 75, 2, 124, 71, 2, 148, 69, 2, 148, 79, 2, 116, 75, 2, 140, 71, 2, 164, 69, 2, 140, 65, 2, 116, 69, 2, 164, 71, 2, 140, 75
        94 45 02 94 4F 02
        74 4B 02 8C 47 02
        A4 45 02 8C 41 02
        74 45 02 A4 47 02
        8C 4B
   0423 00 5A E0 00 00 02    26  .db 0, 90, 224, 0, 0, 2, 66, 0, 51, 2, 51, 2, 33, 66, 0, 57, 2, 57, 66, 0, 37, 2, 61, 66, 0, 61, 2, 29, 2, 53, 2, 53
        42 00 33 02 33 02
        21 42 00 39 02 39
        42 00 25 02 3D 42
        00 3D 02 1D 02 35
        02 35
   0443 42 00 1D 02 35 42    27  .db 66, 0, 29, 2, 53, 66, 0, 53, 2, 53, 66, 0, 27, 2, 51, 2, 51, 2, 33, 66, 0, 57, 2, 57, 66, 0, 37, 2, 61, 66, 0, 61
        00 35 02 35 42 00
        1B 02 33 02 33 02
        21 42 00 39 02 39
        42 00 25 02 3D 42
        00 3D
   0463 02 1D 02 35 02 35    28  .db 2, 29, 2, 53, 2, 53, 66, 0, 29, 2, 53, 66, 0, 29, 2, 53, 0, 66, 128, 0, 0, 0, 114, 239, 0, 0, 1, 2, 138, 75, 2, 162
        42 00 1D 02 35 42
        00 1D 02 35 00 42
        80 00 00 00 72 EF
        00 00 01 02 8A 4B
        02 A2
   0483 47 02 78 45 02 90    29  .db 71, 2, 120, 69, 2, 144, 79, 2, 168, 75, 2, 124, 71, 2, 148, 69, 2, 148, 79, 2, 116, 75, 2, 140, 71, 2, 164, 69, 2, 140, 65, 2
        4F 02 A8 4B 02 7C
        47 02 94 45 02 94
        4F 02 74 4B 02 8C
        47 02 A4 45 02 8C
        41 02
   04A3 74 45 02 A4 47 02    30  .db 116, 69, 2, 164, 71, 2, 140, 75, 2, 114, 79, 2, 138, 75, 2, 162, 71, 2, 120, 69, 2, 144, 79, 2, 168, 75, 2, 124, 71, 2, 148, 69
        8C 4B 02 72 4F 02
        8A 4B 02 A2 47 02
        78 45 02 90 4F 02
        A8 4B 02 7C 47 02
        94 45
ASxxxx Assembler V01.75 + SDCC mods  (Zilog Z80 / Hitachi HD64180), page 5.



   04C3 02 94 4F 02 74 4B    31  .db 2, 148, 79, 2, 116, 75, 2, 140, 71, 2, 164, 69, 2, 140, 65, 2, 116, 69, 2, 164, 71, 2, 140, 75, 0, 90, 224, 0, 0, 2, 66, 0
        02 8C 47 02 A4 45
        02 8C 41 02 74 45
        02 A4 47 02 8C 4B
        00 5A E0 00 00 02
        42 00
   04E3 33 02 33 02 21 42    32  .db 51, 2, 51, 2, 33, 66, 0, 120, 96, 3, 2, 120, 96, 2, 66, 0, 37, 2, 61, 66, 0, 61, 2, 29, 2, 53, 2, 53, 66, 0, 92, 96
        00 78 60 03 02 78
        60 02 42 00 25 02
        3D 42 00 3D 02 1D
        02 35 02 35 42 00
        5C 60
   0503 03 02 74 60 02 42    33  .db 3, 2, 116, 96, 2, 66, 0, 53, 2, 53, 66, 0, 27, 2, 51, 2, 51, 2, 33, 66, 0, 120, 96, 3, 2, 120, 96, 2, 66, 0, 37, 2
        00 35 02 35 42 00
        1B 02 33 02 33 02
        21 42 00 78 60 03
        02 78 60 02 42 00
        25 02
   0523 3D 42 00 3D 02 74    34  .db 61, 66, 0, 61, 2, 116, 96, 4, 66, 128, 8, 0, 66, 0, 66, 0, 66, 0, 66, 0, 66, 0, 66, 0, 66, 0, 66, 0, 66, 0, 66, 0
        60 04 42 80 08 00
        42 00 42 00 42 00
        42 00 42 00 42 00
        42 00 42 00 42 00
        42 00
   0543 42 00 42 00 42 80    35  .db 66, 0, 66, 0, 66, 128, 0, 0, 62, 48, 172, 96, 5, 2, 109, 2, 109, 2, 109, 0, 114, 239, 0, 0, 1, 2, 138, 75, 2, 162, 71, 2
        00 00 3E 30 AC 60
        05 02 6D 02 6D 02
        6D 00 72 EF 00 00
        01 02 8A 4B 02 A2
        47 02
   0563 78 45 02 90 4F 02    36  .db 120, 69, 2, 144, 79, 2, 168, 75, 2, 124, 71, 2, 148, 69, 2, 148, 79, 2, 116, 75, 2, 140, 71, 2, 164, 69, 2, 140, 65, 2, 116, 69
        A8 4B 02 7C 47 02
        94 45 02 94 4F 02
        74 4B 02 8C 47 02
        A4 45 02 8C 41 02
        74 45
   0583 02 A4 47 02 8C 4B    37  .db 2, 164, 71, 2, 140, 75, 2, 114, 79, 2, 138, 75, 2, 162, 71, 2, 120, 69, 2, 144, 79, 2, 168, 75, 2, 124, 71, 2, 148, 69, 2, 148
        02 72 4F 02 8A 4B
        02 A2 47 02 78 45
        02 90 4F 02 A8 4B
        02 7C 47 02 94 45
        02 94
   05A3 4F 02 74 4B 02 8C    38  .db 79, 2, 116, 75, 2, 140, 71, 2, 164, 69, 2, 140, 65, 2, 116, 69, 2, 164, 71, 2, 140, 75, 2, 186, 103, 6, 22, 66, 0, 0, 90, 225
        47 02 A4 45 02 8C
        41 02 74 45 02 A4
        47 02 8C 4B 02 BA
        67 06 16 42 00 00
        5A E1
   05C3 00 00 07 42 00 33    39  .db 0, 0, 7, 66, 0, 51, 2, 114, 96, 2, 2, 33, 66, 0, 120, 96, 3, 2, 66, 0, 66, 0, 100, 96, 2, 2, 61, 66, 0, 124, 96, 7
        02 72 60 02 02 21
        42 00 78 60 03 02
        42 00 42 00 64 60
        02 02 3D 42 00 7C
        60 07
   05E3 02 5C 60 02 02 35    40  .db 2, 92, 96, 2, 2, 53, 2, 53, 66, 0, 92, 96, 3, 2, 66, 0, 66, 0, 116, 96, 2, 2, 53, 66, 0, 90, 96, 7, 2, 51, 2, 114
        02 35 42 00 5C 60
        03 02 42 00 42 00
        74 60 02 02 35 42
        00 5A 60 07 02 33
        02 72
ASxxxx Assembler V01.75 + SDCC mods  (Zilog Z80 / Hitachi HD64180), page 6.



   0603 60 02 02 21 42 00    41  .db 96, 2, 2, 33, 66, 0, 120, 96, 3, 2, 120, 96, 2, 66, 0, 37, 2, 61, 66, 0, 124, 96, 7, 2, 92, 96, 2, 2, 53, 2, 53, 66
        78 60 03 02 78 60
        02 42 00 25 02 3D
        42 00 7C 60 07 02
        5C 60 02 02 35 02
        35 42
   0623 00 74 60 03 42 80    42  .db 0, 116, 96, 3, 66, 128, 13, 0, 66, 0, 66, 0, 66, 0, 66, 0, 66, 0, 66, 0, 162, 224, 0, 0, 8, 2, 99, 2, 138, 97, 9, 99
        0D 00 42 00 42 00
        42 00 42 00 42 00
        42 00 A2 E0 00 00
        08 02 63 02 8A 61
        09 63
   0643 04 A2 60 05 02 A2    43  .db 4, 162, 96, 5, 2, 162, 79, 2, 162, 97, 9, 95, 4, 162, 96, 8, 2, 138, 96, 9, 66, 0, 101, 99, 4, 162, 96, 5, 2, 138, 96, 9
        4F 02 A2 61 09 5F
        04 A2 60 08 02 8A
        60 09 42 00 65 63
        04 A2 60 05 02 8A
        60 09
   0663 02 6D 63 04 A2 60    44  .db 2, 109, 99, 4, 162, 96, 8, 2, 99, 2, 152, 96, 9, 85, 4, 162, 96, 5, 2, 162, 79, 2, 66, 1, 6, 162, 96, 8, 8, 192, 107, 9
        08 02 63 02 98 60
        09 55 04 A2 60 05
        02 A2 4F 02 42 01
        06 A2 60 08 08 C0
        6B 09
   0683 02 C0 40 BC 41 02    45  .db 2, 192, 64, 188, 65, 2, 162, 111, 5, 2, 66, 1, 26, 148, 121, 6, 66, 23, 66, 21, 66, 19, 66, 17, 66, 15, 152, 77, 66, 11, 66, 9
        A2 6F 05 02 42 01
        1A 94 79 06 42 17
        42 15 42 13 42 11
        42 0F 98 4D 42 0B
        42 09
   06A3 42 07 42 05 42 03    46  .db 66, 7, 66, 5, 66, 3, 66, 1, 66, 7, 148, 69, 66, 3, 66, 1, 66, 5, 66, 3, 66, 7, 66, 1, 66, 5, 162, 224, 0, 0, 8, 2
        42 01 42 07 94 45
        42 03 42 01 42 05
        42 03 42 07 42 01
        42 05 A2 E0 00 00
        08 02
   06C3 63 0A A2 61 05 02    47  .db 99, 10, 162, 97, 5, 2, 162, 79, 2, 66, 1, 6, 162, 96, 8, 14, 162, 96, 5, 14, 162, 96, 8, 2, 99, 10, 162, 96, 5, 2, 162, 79
        A2 4F 02 42 01 06
        A2 60 08 0E A2 60
        05 0E A2 60 08 02
        63 0A A2 60 05 02
        A2 4F
   06E3 02 42 01 06 A2 60    48  .db 2, 66, 1, 6, 162, 96, 8, 14, 162, 96, 5, 2, 162, 79, 2, 66, 1, 0, 114, 239, 0, 0, 1, 2, 138, 75, 2, 162, 71, 2, 120, 69
        08 0E A2 60 05 02
        A2 4F 02 42 01 00
        72 EF 00 00 01 02
        8A 4B 02 A2 47 02
        78 45
   0703 02 90 4F 02 A8 4B    49  .db 2, 144, 79, 2, 168, 75, 2, 124, 71, 2, 148, 69, 2, 148, 79, 2, 116, 75, 2, 140, 71, 2, 164, 69, 2, 140, 65, 2, 116, 69, 2, 164
        02 7C 47 02 94 45
        02 94 4F 02 74 4B
        02 8C 47 02 A4 45
        02 8C 41 02 74 45
        02 A4
   0723 47 02 8C 4B 02 72    50  .db 71, 2, 140, 75, 2, 114, 79, 2, 138, 75, 2, 162, 71, 2, 120, 69, 2, 144, 79, 2, 168, 75, 2, 124, 71, 2, 148, 69, 2, 148, 79, 2
        4F 02 8A 4B 02 A2
        47 02 78 45 02 90
        4F 02 A8 4B 02 7C
        47 02 94 45 02 94
        4F 02
ASxxxx Assembler V01.75 + SDCC mods  (Zilog Z80 / Hitachi HD64180), page 7.



   0743 74 4B 02 74 61 03    51  .db 116, 75, 2, 116, 97, 3, 66, 128, 13, 0, 66, 0, 66, 0, 66, 0, 66, 0, 66, 0, 66, 0, 66, 0, 66, 0, 140, 235, 0, 0, 1, 0
        42 80 0D 00 42 00
        42 00 42 00 42 00
        42 00 42 00 42 00
        42 00 8C EB 00 00
        01 00
   0763 42 FD 00 00 0A 42    52  .db 66, 253, 0, 0, 10, 66, 128, 236, 255, 66, 27, 66, 0, 66, 25, 66, 0, 66, 23, 66, 0, 66, 21, 66, 0, 66, 19, 66, 0, 66, 17, 66
        80 EC FF 42 1B 42
        00 42 19 42 00 42
        17 42 00 42 15 42
        00 42 13 42 00 42
        11 42
   0783 00 42 0F 42 00 42    53  .db 0, 66, 15, 66, 0, 66, 13, 66, 0, 66, 11, 66, 0, 66, 9, 66, 0, 66, 7, 66, 0, 66, 5, 66, 0, 66, 3, 66, 0, 66, 1, 66
        0D 42 00 42 0B 42
        00 42 09 42 00 42
        07 42 00 42 05 42
        00 42 03 42 00 42
        01 42
   07A3 00 42 00 42 00 42    54  .db 0, 66, 0, 66, 0, 66, 0, 66, 0, 66, 0, 66, 0, 66, 0, 66, 0, 66, 0, 66, 0, 66, 0, 66, 0, 66, 0, 66, 0, 66, 0, 66
        00 42 00 42 00 42
        00 42 00 42 00 42
        00 42 00 42 00 42
        00 42 00 42 00 42
        00 42
   07C3 00 42 00 42 00 42    55  .db 0, 66, 0, 66, 0, 66, 0, 66, 0, 66, 0, 66, 0, 66, 0, 66, 0, 66, 0, 66, 0, 90, 224, 32, 0, 2, 66, 0, 66, 0, 66, 0
        00 42 00 42 00 42
        00 42 00 42 00 42
        00 42 00 5A E0 20
        00 02 42 00 42 00
        42 00
   07E3 42 00 42 00 42 80    56  .db 66, 0, 66, 0, 66, 128, 0, 0, 2, 51, 14, 51, 14, 27, 14, 90, 96, 1, 90, 71, 114, 75, 90, 65, 90, 71, 114, 75, 90, 65, 90, 71
        00 00 02 33 0E 33
        0E 1B 0E 5A 60 01
        5A 47 72 4B 5A 41
        5A 47 72 4B 5A 41
        5A 47
   0803 5A FB 00 00 0A 42    57  .db 90, 251, 0, 0, 10, 66, 128, 236, 255, 66, 0, 66, 0, 66, 25, 66, 0, 66, 128, 0, 0, 66, 128, 236, 255, 66, 23, 66, 128, 0, 0, 66
        80 EC FF 42 00 42
        00 42 19 42 00 42
        80 00 00 42 80 EC
        FF 42 17 42 80 00
        00 42
   0823 80 F0 FF 42 00 42    58  .db 128, 240, 255, 66, 0, 66, 149, 0, 0, 66, 128, 240, 255, 66, 0, 66, 0, 66, 19, 66, 0, 66, 128, 0, 0, 66, 128, 240, 255, 66, 17, 66
        95 00 00 42 80 F0
        FF 42 00 42 00 42
        13 42 00 42 80 00
        00 42 80 F0 FF 42
        11 42
   0843 00 42 00 42 00 42    59  .db 0, 66, 0, 66, 0, 66, 15, 66, 128, 0, 0, 66, 128, 240, 255, 66, 0, 66, 13, 66, 0, 66, 0, 66, 0, 66, 11, 66, 0, 66, 128, 0
        0F 42 80 00 00 42
        80 F0 FF 42 00 42
        0D 42 00 42 00 42
        00 42 0B 42 00 42
        80 00
   0863 00 42 80 F0 FF 42    60  .db 0, 66, 128, 240, 255, 66, 9, 66, 0, 66, 128, 0, 0, 2, 66, 135, 240, 255, 66, 0, 66, 128, 0, 0, 66, 128, 240, 255, 66, 5, 66, 128
        09 42 00 42 80 00
        00 02 42 87 F0 FF
        42 00 42 80 00 00
        42 80 F0 FF 42 05
        42 80
ASxxxx Assembler V01.75 + SDCC mods  (Zilog Z80 / Hitachi HD64180), page 8.



   0883 00 00 02 42 80 F0    61  .db 0, 0, 2, 66, 128, 240, 255, 66, 3, 66, 128, 0, 0, 4, 66, 129, 240, 255, 66, 128, 0, 0, 4, 90, 224, 32, 0, 2, 66, 0, 66, 0
        FF 42 03 42 80 00
        00 04 42 81 F0 FF
        42 80 00 00 04 5A
        E0 20 00 02 42 00
        42 00
   08A3 42 00 42 00 42 00    62  .db 66, 0, 66, 0, 66, 0, 66, 128, 0, 0, 2, 65, 14, 83, 14, 51, 14, 90, 107, 5, 2, 114, 65, 114, 79, 114, 71, 114, 69, 114, 65, 0
        42 80 00 00 02 41
        0E 53 0E 33 0E 5A
        6B 05 02 72 41 72
        4F 72 47 72 45 72
        41 00
   08C3 8A FF F5 FF 09 42    63  .db 138, 255, 245, 255, 9, 66, 128, 0, 0, 66, 29, 66, 0, 66, 27, 66, 0, 66, 25, 66, 0, 66, 31, 66, 27, 66, 25, 66, 31, 66, 0, 66
        80 00 00 42 1D 42
        00 42 1B 42 00 42
        19 42 00 42 1F 42
        1B 42 19 42 1F 42
        00 42
   08E3 1D 42 19 42 1F 42    64  .db 29, 66, 25, 66, 31, 66, 27, 66, 23, 66, 0, 66, 29, 66, 25, 66, 21, 66, 29, 66, 23, 66, 19, 66, 29, 66, 23, 66, 21, 66, 19, 66
        1B 42 17 42 00 42
        1D 42 19 42 15 42
        1D 42 17 42 13 42
        1D 42 17 42 15 42
        13 42
   0903 1D 42 00 42 15 42    65  .db 29, 66, 0, 66, 21, 66, 17, 66, 25, 66, 19, 66, 15, 66, 31, 66, 15, 66, 17, 66, 1, 66, 11, 66, 3, 66, 17, 66, 11, 66, 5, 66
        11 42 19 42 13 42
        0F 42 1F 42 0F 42
        11 42 01 42 0B 42
        03 42 11 42 0B 42
        05 42
   0923 0F 42 0B 42 07 42    66  .db 15, 66, 11, 66, 7, 66, 3, 66, 11, 66, 15, 66, 11, 66, 23, 66, 13, 66, 15, 66, 17, 90, 224, 32, 0, 2, 66, 0, 66, 0, 66, 0
        03 42 0B 42 0F 42
        0B 42 17 42 0D 42
        0F 42 11 5A E0 20
        00 02 42 00 42 00
        42 00
   0943 42 00 8A E1 00 00    67  .db 66, 0, 138, 225, 0, 0, 9, 66, 7, 66, 15, 0, 114, 229, 0, 0, 9, 66, 7, 66, 9, 66, 11, 66, 13, 66, 15, 66, 17, 66, 19, 66
        09 42 07 42 0F 00
        72 E5 00 00 09 42
        07 42 09 42 0B 42
        0D 42 0F 42 11 42
        13 42
   0963 15 42 17 42 19 42    68  .db 21, 66, 23, 66, 25, 66, 27, 66, 29, 66, 31, 62, 54, 140, 125, 6, 66, 27, 66, 25, 66, 23, 66, 21, 66, 19, 66, 17, 66, 15, 66, 13
        1B 42 1D 42 1F 3E
        36 8C 7D 06 42 1B
        42 19 42 17 42 15
        42 13 42 11 42 0F
        42 0D
   0983 42 0B 42 09 42 07    69  .db 66, 11, 66, 9, 66, 7, 66, 5, 66, 3, 66, 1, 83, 6, 77, 0, 90, 225, 0, 0, 7, 66, 0, 51, 2, 114, 96, 2, 2, 33, 66, 0
        42 05 42 03 42 01
        53 06 4D 00 5A E1
        00 00 07 42 00 33
        02 72 60 02 02 21
        42 00
   09A3 78 60 03 02 42 00    70  .db 120, 96, 3, 2, 66, 0, 66, 0, 100, 96, 2, 2, 61, 66, 0, 124, 96, 7, 2, 92, 96, 2, 2, 53, 2, 53, 66, 0, 92, 96, 3, 2
        42 00 64 60 02 02
        3D 42 00 7C 60 07
        02 5C 60 02 02 35
        02 35 42 00 5C 60
        03 02
ASxxxx Assembler V01.75 + SDCC mods  (Zilog Z80 / Hitachi HD64180), page 9.



   09C3 42 00 42 00 74 60    71  .db 66, 0, 66, 0, 116, 96, 2, 2, 53, 66, 0, 90, 96, 7, 2, 51, 2, 114, 96, 2, 2, 33, 66, 0, 120, 96, 3, 2, 120, 96, 2, 66
        02 02 35 42 00 5A
        60 07 02 33 02 72
        60 02 02 21 42 00
        78 60 03 02 78 60
        02 42
   09E3 00 25 02 3D 42 00    72  .db 0, 37, 2, 61, 66, 0, 124, 96, 7, 2, 92, 96, 2, 2, 53, 2, 53, 66, 0, 116, 96, 3, 66, 128, 13, 0, 66, 0, 66, 0, 66, 0
        7C 60 07 02 5C 60
        02 02 35 02 35 42
        00 74 60 03 42 80
        0D 00 42 00 42 00
        42 00
   0A03 42 00 42 00 42 00    73  .db 66, 0, 66, 0, 66, 0, 176, 227, 0, 0, 11, 6, 113, 6, 109, 2, 113, 6, 105, 6, 101, 10, 105, 6, 109, 6, 113, 6, 113, 6, 109, 2
        B0 E3 00 00 0B 06
        71 06 6D 02 71 06
        69 06 65 0A 69 06
        6D 06 71 06 71 06
        6D 02
   0A23 71 06 69 12 77 06    74  .db 113, 6, 105, 18, 119, 6, 115, 0, 168, 227, 0, 0, 11, 6, 105, 6, 103, 2, 105, 6, 99, 6, 109, 10, 66, 0, 6, 66, 0, 6, 105, 6
        73 00 A8 E3 00 00
        0B 06 69 06 67 02
        69 06 63 06 6D 0A
        42 00 06 42 00 06
        69 06
   0A43 69 06 67 02 69 06    75  .db 105, 6, 103, 2, 105, 6, 99, 0, 138, 225, 0, 0, 8, 6, 168, 96, 11, 6, 138, 96, 8, 2, 168, 96, 11, 6, 99, 2, 138, 96, 8, 2
        63 00 8A E1 00 00
        08 06 A8 60 0B 06
        8A 60 08 02 A8 60
        0B 06 63 02 8A 60
        08 02
   0A63 AC 60 0B 0A 8A 60    76  .db 172, 96, 11, 10, 138, 96, 8, 6, 66, 0, 6, 138, 64, 6, 168, 96, 11, 6, 138, 96, 8, 2, 168, 96, 11, 6, 99, 2, 138, 96, 8, 14
        08 06 42 00 06 8A
        40 06 A8 60 0B 06
        8A 60 08 02 A8 60
        0B 06 63 02 8A 60
        08 0E
   0A83 4B 02 4B 02 4B 02    77  .db 75, 2, 75, 2, 75, 2, 75, 0, 66, 128, 0, 0, 30, 162, 96, 9, 66, 31, 2, 114, 96, 1, 0, 66, 128, 0, 0, 32, 140, 96, 7, 66
        4B 00 42 80 00 00
        1E A2 60 09 42 1F
        02 72 60 01 00 42
        80 00 00 20 8C 60
        07 42
   0AA3 1F 02 72 60 01 00    78  .db 31, 2, 114, 96, 1, 0, 66, 128, 0, 0, 34, 138, 96, 7, 66, 31, 2, 114, 96, 1, 0, 114, 229, 0, 0, 9, 66, 7, 66, 9, 66, 11
        42 80 00 00 22 8A
        60 07 42 1F 02 72
        60 01 00 72 E5 00
        00 09 42 07 42 09
        42 0B
   0AC3 42 0D 42 0F 42 11    79  .db 66, 13, 66, 15, 66, 17, 66, 19, 66, 21, 66, 23, 66, 25, 66, 27, 66, 29, 66, 31, 4, 114, 69, 66, 7, 66, 9, 66, 11, 66, 13, 66
        42 13 42 15 42 17
        42 19 42 1B 42 1D
        42 1F 04 72 45 42
        07 42 09 42 0B 42
        0D 42
   0AE3 0F 42 11 42 13 42    80  .db 15, 66, 17, 66, 19, 66, 21, 66, 23, 66, 25, 66, 27, 66, 29, 66, 31, 4, 114, 69, 66, 7, 66, 9, 66, 11, 66, 13, 66, 15, 66, 17
        15 42 17 42 19 42
        1B 42 1D 42 1F 04
        72 45 42 07 42 09
        42 0B 42 0D 42 0F
        42 11
ASxxxx Assembler V01.75 + SDCC mods  (Zilog Z80 / Hitachi HD64180), page 10.



   0B03 42 13 42 15 42 17    81  .db 66, 19, 66, 21, 66, 23, 66, 25, 66, 27, 66, 29, 66, 31, 4, 114, 69, 66, 7, 66, 9, 66, 11, 66, 13, 66, 15, 66, 17, 66, 19, 66
        42 19 42 1B 42 1D
        42 1F 04 72 45 42
        07 42 09 42 0B 42
        0D 42 0F 42 11 42
        13 42
   0B23 15 42 17 42 19 42    82  .db 21, 66, 23, 66, 25, 66, 27, 66, 29, 66, 31, 0, 162, 225, 0, 0, 8, 2, 99, 6, 162, 96, 5, 2, 162, 79, 2, 66, 1, 2, 162, 96
        1B 42 1D 42 1F 00
        A2 E1 00 00 08 02
        63 06 A2 60 05 02
        A2 4F 02 42 01 02
        A2 60
   0B43 08 02 A2 4F 02 A2    83  .db 8, 2, 162, 79, 2, 162, 65, 2, 99, 10, 162, 96, 5, 2, 162, 79, 2, 162, 97, 8, 162, 64, 162, 75, 162, 64, 99, 2, 162, 65, 6, 162
        41 02 63 0A A2 60
        05 02 A2 4F 02 A2
        61 08 A2 40 A2 4B
        A2 40 63 02 A2 41
        06 A2
   0B63 60 05 02 A2 4F 02    84  .db 96, 5, 2, 162, 79, 2, 66, 1, 2, 162, 96, 8, 2, 162, 79, 2, 162, 65, 2, 99, 10, 162, 96, 5, 2, 162, 79, 2, 162, 107, 8, 162
        42 01 02 A2 60 08
        02 A2 4F 02 A2 41
        02 63 0A A2 60 05
        02 A2 4F 02 A2 6B
        08 A2
   0B83 40 A2 41 A2 4B 72    85  .db 64, 162, 65, 162, 75, 114, 225, 0, 0, 9, 66, 3, 66, 5, 66, 11, 66, 13, 66, 15, 114, 65, 66, 3, 66, 5, 66, 11, 66, 13, 66, 15
        E1 00 00 09 42 03
        42 05 42 0B 42 0D
        42 0F 72 41 42 03
        42 05 42 0B 42 0D
        42 0F
   0BA3 72 41 42 03 42 05    86  .db 114, 65, 66, 3, 66, 5, 66, 11, 66, 13, 66, 15, 114, 65, 66, 3, 66, 5, 66, 11, 66, 13, 66, 15, 114, 65, 66, 3, 66, 5, 66, 11
        42 0B 42 0D 42 0F
        72 41 42 03 42 05
        42 0B 42 0D 42 0F
        72 41 42 03 42 05
        42 0B
   0BC3 42 0D 42 0F 72 41    87  .db 66, 13, 66, 15, 114, 65, 66, 3, 66, 5, 66, 11, 66, 13, 66, 15, 114, 65, 66, 3, 66, 5, 66, 11, 66, 13, 66, 15, 114, 65, 66, 3
        42 03 42 05 42 0B
        42 0D 42 0F 72 41
        42 03 42 05 42 0B
        42 0D 42 0F 72 41
        42 03
   0BE3 42 05 42 0B 42 0D    88  .db 66, 5, 66, 11, 66, 13, 66, 15, 114, 65, 66, 3, 66, 5, 66, 11, 66, 13, 66, 15, 66, 17, 66, 19, 66, 21, 66, 23, 66, 25, 66, 27
        42 0F 72 41 42 03
        42 05 42 0B 42 0D
        42 0F 42 11 42 13
        42 15 42 17 42 19
        42 1B
   0C03 42 1D 42 1F 00 72    89  .db 66, 29, 66, 31, 0, 114, 229, 0, 0, 9, 66, 7, 66, 9, 66, 11, 66, 13, 66, 15, 114, 69, 66, 7, 66, 9, 66, 11, 66, 13, 66, 15
        E5 00 00 09 42 07
        42 09 42 0B 42 0D
        42 0F 72 45 42 07
        42 09 42 0B 42 0D
        42 0F
   0C23 72 45 42 07 42 09    90  .db 114, 69, 66, 7, 66, 9, 66, 11, 66, 13, 66, 15, 114, 69, 66, 7, 66, 9, 66, 11, 66, 13, 66, 15, 114, 69, 66, 7, 66, 9, 66, 11
        42 0B 42 0D 42 0F
        72 45 42 07 42 09
        42 0B 42 0D 42 0F
        72 45 42 07 42 09
        42 0B
ASxxxx Assembler V01.75 + SDCC mods  (Zilog Z80 / Hitachi HD64180), page 11.



   0C43 42 0D 42 0F 72 45    91  .db 66, 13, 66, 15, 114, 69, 66, 7, 66, 9, 66, 11, 66, 13, 66, 15, 114, 69, 66, 7, 66, 9, 66, 11, 66, 13, 66, 15, 114, 69, 66, 7
        42 07 42 09 42 0B
        42 0D 42 0F 72 45
        42 07 42 09 42 0B
        42 0D 42 0F 72 45
        42 07
   0C63 42 09 42 0B 42 0D    92  .db 66, 9, 66, 11, 66, 13, 66, 15, 114, 69, 66, 7, 66, 9, 66, 11, 66, 13, 66, 15, 66, 17, 66, 19, 66, 21, 66, 23, 66, 25, 66, 27
        42 0F 72 45 42 07
        42 09 42 0B 42 0D
        42 0F 42 11 42 13
        42 15 42 17 42 19
        42 1B
   0C83 42 1D 42 1F 00       93  .db 66, 29, 66, 31, 0
ASxxxx Assembler V01.75 + SDCC mods  (Zilog Z80 / Hitachi HD64180), page 12.



                             21 
   0C88 CD 02 00             22 init:   call gsinit
   0C8B C3 00 00             23         jp   __pre_main
                             24 
                             25         ;--- Program code and data (global vars) start here
                             26 
                             27         ;* Place data after program code, and data init code after data
                             28 
                             29         .area   _CODE
                             30 
   0000                      31 __pre_main:
   0000 D5                   32         push de
   0001 11 00 00             33         ld de,#_HEAP_start
   0004 ED 53 00 00          34         ld (_heap_top),de
   0008 D1                   35         pop de
   0009 C3 00 00             36         jp _main
                             37 
                             38         .area   _DATA
                             39 
   0000                      40 _heap_top::
   0000 00 00                41         .dw 0
                             42 
                             43 gsinit: .area   _GSINIT
                             44        
                             45         .area   _GSFINAL
   0000 C9                   46         ret
                             47 
                             48         ;* These doesn't seem to be necessary... (?)
                             49 
                             50         ;.area  _OVERLAY
                             51         ;.area  _HOME
                             52         ;.area  _BSS
                             53 
                             54         .area   _HEAP
                             55 
   0000                      56 _HEAP_start::
ASxxxx Assembler V01.75 + SDCC mods  (Zilog Z80 / Hitachi HD64180), page 13.

Symbol Table

  5 _HEAP_start                                                    0000 GR
  0 __pre_main                                                     0000 R
  2 _heap_top                                                      0000 GR
    _main                                                          **** GX
  2 gsinit                                                         0002 R
  1 init                                                           0C88 R

ASxxxx Assembler V01.75 + SDCC mods  (Zilog Z80 / Hitachi HD64180), page 14.

Area Table

   0 _CODE                                                          size    C   flags 0
   1 _HEADER                                                        size  C8E   flags 8
   2 _DATA                                                          size    2   flags 0
   3 _GSINIT                                                        size    0   flags 0
   4 _GSFINAL                                                       size    1   flags 0
   5 _HEAP                                                          size    0   flags 0
